<?xml version="1.0" encoding="UTF-8"?>
<!-- Generated by org.testng.reporters.JUnitReportReporter -->
<testsuite hostname="Swapnil-PC" name="ProfileTest" tests="3" failures="0" timestamp="14 Apr 2016 05:55:59 GMT" time="66.832" errors="0">
  <testcase name="renamePorfolio" time="6.131" classname="ProfileTest"/>
  <testcase name="deleteProfileTest" time="1.484" classname="ProfileTest"/>
  <testcase name="createProfileTest" time="59.217" classname="ProfileTest"/>
</testsuite> <!-- ProfileTest -->
